# JRE version: Java(TM) SE Runtime Environment (20.0.1+9) (build 20.0.1+9-29)
# Java VM: Java HotSpot(TM) 64-Bit Server VM (20.0.1+9-29, mixed mode, sharing, tiered, compressed oops, compressed class ptrs, g1 gc, windows-amd64)
GC Precious Log:
 CardTable entry size: 512
 Card Set container configuration: InlinePtr #cards 5 size 8 Array Of Cards #cards 12 size 40 Howl #buckets 4 coarsen threshold 1843 Howl Bitmap #cards 512 size 80 coarsen threshold 460 Card regions per heap region 1 cards per card region 2048
 CPUs: 2 total, 2 available
 Memory: 2047M
 Large Page Support: Disabled
 NUMA Support: Disabled
 Compressed Oops: Enabled (32-bit)
 Heap Region Size: 1M
 Heap Min Capacity: 8M
 Heap Initial Capacity: 32M
 Heap Max Capacity: 512M
 Pre-touch: Disabled
 Parallel Workers: 2
 Concurrent Workers: 1
 Concurrent Refinement Workers: 2
 Periodic GC: Disabled
Heap:
 garbage-first heap   total 39936K, used 32558K [0x00000000e0000000, 0x0000000100000000)
  region size 1024K, 14 young (14336K), 2 survivors (2048K)
 Metaspace       used 46137K, committed 46784K, reserved 1114112K
  class space    used 5777K, committed 6080K, reserved 1048576K
GC Heap History (20 events):
Event: 10.896 GC heap before
{Heap before GC invocations=7 (full 0):
 garbage-first heap   total 32768K, used 23952K [0x00000000e0000000, 0x0000000100000000)
  region size 1024K, 17 young (17408K), 2 survivors (2048K)
 Metaspace       used 21159K, committed 21504K, reserved 1114112K
  class space    used 2557K, committed 2752K, reserved 1048576K
}
Event: 10.908 GC heap after
{Heap after GC invocations=8 (full 0):
 garbage-first heap   total 32768K, used 10851K [0x00000000e0000000, 0x0000000100000000)
  region size 1024K, 3 young (3072K), 3 survivors (3072K)
 Metaspace       used 21159K, committed 21504K, reserved 1114112K
  class space    used 2557K, committed 2752K, reserved 1048576K
}
Event: 12.002 GC heap before
{Heap before GC invocations=9 (full 0):
 garbage-first heap   total 32768K, used 25187K [0x00000000e0000000, 0x0000000100000000)
  region size 1024K, 17 young (17408K), 3 survivors (3072K)
 Metaspace       used 22822K, committed 23232K, reserved 1114112K
  class space    used 2802K, committed 3008K, reserved 1048576K
}
Event: 12.013 GC heap after
{Heap after GC invocations=10 (full 0):
 garbage-first heap   total 32768K, used 12124K [0x00000000e0000000, 0x0000000100000000)
  region size 1024K, 3 young (3072K), 3 survivors (3072K)
 Metaspace       used 22822K, committed 23232K, reserved 1114112K
  class space    used 2802K, committed 3008K, reserved 1048576K
}
Event: 13.161 GC heap before
{Heap before GC invocations=10 (full 0):
 garbage-first heap   total 32768K, used 24412K [0x00000000e0000000, 0x0000000100000000)
  region size 1024K, 16 young (16384K), 3 survivors (3072K)
 Metaspace       used 25727K, committed 26176K, reserved 1114112K
  class space    used 3180K, committed 3392K, reserved 1048576K
}
Event: 13.178 GC heap after
{Heap after GC invocations=11 (full 0):
 garbage-first heap   total 32768K, used 13588K [0x00000000e0000000, 0x0000000100000000)
  region size 1024K, 2 young (2048K), 2 survivors (2048K)
 Metaspace       used 25727K, committed 26176K, reserved 1114112K
  class space    used 3180K, committed 3392K, reserved 1048576K
}
Event: 14.974 GC heap before
{Heap before GC invocations=11 (full 0):
 garbage-first heap   total 32768K, used 26900K [0x00000000e0000000, 0x0000000100000000)
  region size 1024K, 15 young (15360K), 2 survivors (2048K)
 Metaspace       used 29461K, committed 30016K, reserved 1114112K
  class space    used 3674K, committed 3904K, reserved 1048576K
}
Event: 14.983 GC heap after
{Heap after GC invocations=12 (full 0):
 garbage-first heap   total 39936K, used 14941K [0x00000000e0000000, 0x0000000100000000)
  region size 1024K, 2 young (2048K), 2 survivors (2048K)
 Metaspace       used 29461K, committed 30016K, reserved 1114112K
  class space    used 3674K, committed 3904K, reserved 1048576K
}
Event: 16.294 GC heap before
{Heap before GC invocations=12 (full 0):
 garbage-first heap   total 39936K, used 31325K [0x00000000e0000000, 0x0000000100000000)
  region size 1024K, 19 young (19456K), 2 survivors (2048K)
 Metaspace       used 33964K, committed 34496K, reserved 1114112K
  class space    used 4255K, committed 4480K, reserved 1048576K
}
Event: 16.314 GC heap after
{Heap after GC invocations=13 (full 0):
 garbage-first heap   total 39936K, used 16996K [0x00000000e0000000, 0x0000000100000000)
  region size 1024K, 3 young (3072K), 3 survivors (3072K)
 Metaspace       used 33964K, committed 34496K, reserved 1114112K
  class space    used 4255K, committed 4480K, reserved 1048576K
}
Event: 16.961 GC heap before
{Heap before GC invocations=13 (full 0):
 garbage-first heap   total 39936K, used 20068K [0x00000000e0000000, 0x0000000100000000)
  region size 1024K, 7 young (7168K), 3 survivors (3072K)
 Metaspace       used 35460K, committed 35968K, reserved 1114112K
  class space    used 4435K, committed 4672K, reserved 1048576K
}
Event: 16.971 GC heap after
{Heap after GC invocations=14 (full 0):
 garbage-first heap   total 39936K, used 18133K [0x00000000e0000000, 0x0000000100000000)
  region size 1024K, 1 young (1024K), 1 survivors (1024K)
 Metaspace       used 35460K, committed 35968K, reserved 1114112K
  class space    used 4435K, committed 4672K, reserved 1048576K
}
Event: 18.293 GC heap before
{Heap before GC invocations=15 (full 0):
 garbage-first heap   total 39936K, used 33493K [0x00000000e0000000, 0x0000000100000000)
  region size 1024K, 16 young (16384K), 1 survivors (1024K)
 Metaspace       used 38842K, committed 39424K, reserved 1114112K
  class space    used 4901K, committed 5184K, reserved 1048576K
}
Event: 18.316 GC heap after
{Heap after GC invocations=16 (full 0):
 garbage-first heap   total 39936K, used 20177K [0x00000000e0000000, 0x0000000100000000)
  region size 1024K, 2 young (2048K), 2 survivors (2048K)
 Metaspace       used 38842K, committed 39424K, reserved 1114112K
  class space    used 4901K, committed 5184K, reserved 1048576K
}
Event: 19.354 GC heap before
{Heap before GC invocations=16 (full 0):
 garbage-first heap   total 39936K, used 33489K [0x00000000e0000000, 0x0000000100000000)
  region size 1024K, 15 young (15360K), 2 survivors (2048K)
 Metaspace       used 40880K, committed 41600K, reserved 1114112K
  class space    used 5171K, committed 5504K, reserved 1048576K
}
Event: 19.364 GC heap after
{Heap after GC invocations=17 (full 0):
 garbage-first heap   total 39936K, used 20181K [0x00000000e0000000, 0x0000000100000000)
  region size 1024K, 2 young (2048K), 2 survivors (2048K)
 Metaspace       used 40880K, committed 41600K, reserved 1114112K
  class space    used 5171K, committed 5504K, reserved 1048576K
}
Event: 245.921 GC heap before
{Heap before GC invocations=17 (full 0):
 garbage-first heap   total 39936K, used 33493K [0x00000000e0000000, 0x0000000100000000)
  region size 1024K, 15 young (15360K), 2 survivors (2048K)
 Metaspace       used 41888K, committed 42560K, reserved 1114112K
  class space    used 5276K, committed 5568K, reserved 1048576K
}
Event: 246.121 GC heap after
{Heap after GC invocations=18 (full 0):
 garbage-first heap   total 39936K, used 20811K [0x00000000e0000000, 0x0000000100000000)
  region size 1024K, 1 young (1024K), 1 survivors (1024K)
 Metaspace       used 41888K, committed 42560K, reserved 1114112K
  class space    used 5276K, committed 5568K, reserved 1048576K
}
Event: 462.767 GC heap before
{Heap before GC invocations=19 (full 0):
 garbage-first heap   total 39936K, used 33099K [0x00000000e0000000, 0x0000000100000000)
  region size 1024K, 14 young (14336K), 1 survivors (1024K)
 Metaspace       used 43830K, committed 44480K, reserved 1114112K
  class space    used 5505K, committed 5824K, reserved 1048576K
}
Event: 462.801 GC heap after
{Heap after GC invocations=20 (full 0):
 garbage-first heap   total 39936K, used 21294K [0x00000000e0000000, 0x0000000100000000)
  region size 1024K, 2 young (2048K), 2 survivors (2048K)
 Metaspace       used 43830K, committed 44480K, reserved 1114112K
  class space    used 5505K, committed 5824K, reserved 1048576K
}

